<?xml version="1.0" encoding="UTF-8"?>
<!-- Generated by org.testng.reporters.JUnitXMLReporter -->
<testsuite ignored="1" hostname="DESKTOP-30MHC5G" failures="0" tests="1" name="Test(failed)(failed)" time="25.519" errors="0" timestamp="2023-04-25T13:02:41 IST">
  <testcase classname="incrementX.Validating_URL" name="ValidatingURL" time="25.471"/>
  <testcase classname="incrementX.Validating_URL" name="ValidatingTitle" time="0.0">
    <ignored/>
  </testcase> <!-- ValidatingTitle -->
</testsuite> <!-- Test(failed)(failed) -->
