<?xml version="1.0" encoding="UTF-8"?>
<!-- Generated by org.testng.reporters.JUnitXMLReporter -->
<testsuite ignored="0" hostname="DESKTOP-30MHC5G" failures="0" tests="3" name="Test" time="52.201" errors="0" timestamp="2023-04-25T12:39:27 IST">
  <testcase classname="incrementX.Validating_Title" name="ValidatingTitle" time="21.784"/>
  <testcase classname="incrementX.Validating_URL" name="ValidatingTitle" time="14.917"/>
  <testcase classname="incrementX.Validating_URL" name="ValidatingURL" time="15.443"/>
</testsuite> <!-- Test -->
