<?xml version="1.0" encoding="UTF-8"?>
<testng-results ignored="0" total="3" passed="3" failed="0" skipped="0">
  <reporter-output>
    <line>
      <![CDATA[Test case is passed with reporter.log]]>
    </line>
    <line>
      <![CDATA[Test case ValidatingTitle is passed , Good job!]]>
    </line>
    <line>
      <![CDATA[Test case is passed with reporter.log]]>
    </line>
    <line>
      <![CDATA[Test case ValidatingTitle is passed , Good job!]]>
    </line>
    <line>
      <![CDATA[Test case is passed]]>
    </line>
    <line>
      <![CDATA[Test case ValidatingURL is passed , Good job!]]>
    </line>
  </reporter-output>
  <suite started-at="2023-04-26T18:12:24 IST" name="Suite" finished-at="2023-04-26T18:13:04 IST" duration-ms="40055">
    <groups>
    </groups>
    <test started-at="2023-04-26T18:12:24 IST" name="Test1" finished-at="2023-04-26T18:12:56 IST" duration-ms="32116">
      <class name="incrementX.Validating_Title">
        <test-method signature="ValidatingTitle()[pri:0, instance:incrementX.Validating_Title@1c93084c]" started-at="2023-04-26T18:12:24 IST" name="ValidatingTitle" finished-at="2023-04-26T18:12:56 IST" duration-ms="32053" status="PASS">
          <reporter-output>
            <line>
              <![CDATA[Test case is passed with reporter.log]]>
            </line>
            <line>
              <![CDATA[Test case ValidatingTitle is passed , Good job!]]>
            </line>
          </reporter-output>
        </test-method> <!-- ValidatingTitle -->
      </class> <!-- incrementX.Validating_Title -->
    </test> <!-- Test1 -->
    <test started-at="2023-04-26T18:12:24 IST" name="Test2" finished-at="2023-04-26T18:13:04 IST" duration-ms="40046">
      <class name="incrementX.Validating_URL">
        <test-method signature="ValidatingTitle()[pri:0, instance:incrementX.Validating_URL@15eb5ee5]" started-at="2023-04-26T18:12:24 IST" name="ValidatingTitle" finished-at="2023-04-26T18:12:46 IST" duration-ms="21399" status="PASS">
          <reporter-output>
            <line>
              <![CDATA[Test case is passed with reporter.log]]>
            </line>
            <line>
              <![CDATA[Test case ValidatingTitle is passed , Good job!]]>
            </line>
          </reporter-output>
        </test-method> <!-- ValidatingTitle -->
        <test-method signature="ValidatingURL()[pri:0, instance:incrementX.Validating_URL@15eb5ee5]" started-at="2023-04-26T18:12:46 IST" name="ValidatingURL" finished-at="2023-04-26T18:13:04 IST" duration-ms="18588" status="PASS">
          <reporter-output>
            <line>
              <![CDATA[Test case is passed]]>
            </line>
            <line>
              <![CDATA[Test case ValidatingURL is passed , Good job!]]>
            </line>
          </reporter-output>
        </test-method> <!-- ValidatingURL -->
      </class> <!-- incrementX.Validating_URL -->
    </test> <!-- Test2 -->
  </suite> <!-- Suite -->
</testng-results>
