<?xml version="1.0" encoding="UTF-8"?>
<testng-results ignored="0" total="1" passed="1" failed="0" skipped="0">
  <reporter-output>
    <line>
      <![CDATA[Waiting for 500ms]]>
    </line>
    <line>
      <![CDATA[Waiting for 500ms]]>
    </line>
    <line>
      <![CDATA[Taking screenshot]]>
    </line>
    <line>
      <![CDATA[Test case ValidatingURL is passed , Good job!]]>
    </line>
    <line>
      <![CDATA[Waiting for 500ms]]>
    </line>
    <line>
      <![CDATA[Waiting for 500ms]]>
    </line>
  </reporter-output>
  <suite started-at="2023-04-29T19:43:13 IST" name="Default suite" finished-at="2023-04-29T19:44:20 IST" duration-ms="67115">
    <groups>
    </groups>
    <test started-at="2023-04-29T19:43:13 IST" name="Default test" finished-at="2023-04-29T19:44:20 IST" duration-ms="67115">
      <class name="incrementX.Tests.INTX001">
        <test-method is-config="true" signature="Setup()[pri:0, instance:incrementX.Tests.INTX001@4c371370]" started-at="2023-04-29T19:43:13 IST" name="Setup" finished-at="2023-04-29T19:43:16 IST" duration-ms="3003" status="PASS">
          <reporter-output>
          </reporter-output>
        </test-method> <!-- Setup -->
        <test-method is-config="true" signature="launchApplication()[pri:0, instance:incrementX.Tests.INTX001@4c371370]" started-at="2023-04-29T19:43:16 IST" name="launchApplication" finished-at="2023-04-29T19:44:10 IST" duration-ms="53801" status="PASS">
          <reporter-output>
            <line>
              <![CDATA[Waiting for 500ms]]>
            </line>
          </reporter-output>
        </test-method> <!-- launchApplication -->
        <test-method signature="ValidatingURL()[pri:0, instance:incrementX.Tests.INTX001@4c371370]" started-at="2023-04-29T19:44:10 IST" name="ValidatingURL" finished-at="2023-04-29T19:44:19 IST" duration-ms="8930" status="PASS">
          <reporter-output>
            <line>
              <![CDATA[Waiting for 500ms]]>
            </line>
            <line>
              <![CDATA[Taking screenshot]]>
            </line>
            <line>
              <![CDATA[Test case ValidatingURL is passed , Good job!]]>
            </line>
          </reporter-output>
        </test-method> <!-- ValidatingURL -->
        <test-method is-config="true" signature="minimizeApplication()[pri:0, instance:incrementX.Tests.INTX001@4c371370]" started-at="2023-04-29T19:44:20 IST" name="minimizeApplication" finished-at="2023-04-29T19:44:20 IST" duration-ms="303" status="PASS">
          <reporter-output>
            <line>
              <![CDATA[Waiting for 500ms]]>
            </line>
          </reporter-output>
        </test-method> <!-- minimizeApplication -->
        <test-method is-config="true" signature="closeBrowser()[pri:0, instance:incrementX.Tests.INTX001@4c371370]" started-at="2023-04-29T19:44:20 IST" name="closeBrowser" finished-at="2023-04-29T19:44:20 IST" duration-ms="162" status="PASS">
          <reporter-output>
            <line>
              <![CDATA[Waiting for 500ms]]>
            </line>
          </reporter-output>
        </test-method> <!-- closeBrowser -->
      </class> <!-- incrementX.Tests.INTX001 -->
    </test> <!-- Default test -->
  </suite> <!-- Default suite -->
</testng-results>
